Using pre-set license
Built from '2021.3/staging' branch; Version is '2021.3.20f1 (577897200b8b) revision 5732503'; Using compiler version '192829333'; Build Type 'Release'
OS: 'Windows 10  (10.0.19044) 64bit Professional' Language: 'ko' Physical Memory: 16121 MB
BatchMode: 1, IsHumanControllingUs: 0, StartBugReporterOnCrash: 0, Is64bit: 1, IsPro: 1

COMMAND LINE ARGUMENTS:
C:\Program Files\Unity\Hub\Editor\2021.3.20f1\Editor\Unity.exe
-adb2
-batchMode
-noUpm
-name
AssetImportWorker4
-projectPath
C:/Users/user/Documents/GitHub/CubeCom/CubeCom
-logFile
Logs/AssetImportWorker4.log
-srvPort
56689
Successfully changed project path to: C:/Users/user/Documents/GitHub/CubeCom/CubeCom
C:/Users/user/Documents/GitHub/CubeCom/CubeCom
[UnityMemory] Configuration Parameters - Can be set up in boot.config
    "memorysetup-bucket-allocator-granularity=16"
    "memorysetup-bucket-allocator-bucket-count=8"
    "memorysetup-bucket-allocator-block-size=33554432"
    "memorysetup-bucket-allocator-block-count=8"
    "memorysetup-main-allocator-block-size=16777216"
    "memorysetup-thread-allocator-block-size=16777216"
    "memorysetup-gfx-main-allocator-block-size=16777216"
    "memorysetup-gfx-thread-allocator-block-size=16777216"
    "memorysetup-cache-allocator-block-size=4194304"
    "memorysetup-typetree-allocator-block-size=2097152"
    "memorysetup-profiler-bucket-allocator-granularity=16"
    "memorysetup-profiler-bucket-allocator-bucket-count=8"
    "memorysetup-profiler-bucket-allocator-block-size=33554432"
    "memorysetup-profiler-bucket-allocator-block-count=8"
    "memorysetup-profiler-allocator-block-size=16777216"
    "memorysetup-profiler-editor-allocator-block-size=1048576"
    "memorysetup-temp-allocator-size-main=16777216"
    "memorysetup-job-temp-allocator-block-size=2097152"
    "memorysetup-job-temp-allocator-block-size-background=1048576"
    "memorysetup-job-temp-allocator-reduction-small-platforms=262144"
    "memorysetup-temp-allocator-size-background-worker=32768"
    "memorysetup-temp-allocator-size-job-worker=262144"
    "memorysetup-temp-allocator-size-preload-manager=33554432"
    "memorysetup-temp-allocator-size-nav-mesh-worker=65536"
    "memorysetup-temp-allocator-size-audio-worker=65536"
    "memorysetup-temp-allocator-size-cloud-worker=32768"
    "memorysetup-temp-allocator-size-gi-baking-worker=262144"
    "memorysetup-temp-allocator-size-gfx=262144"
Player connection [15620] Host "[IP] 172.31.1.61 [Port] 0 [Flags] 2 [Guid] 1821699647 [EditorId] 1821699647 [Version] 1048832 [Id] WindowsEditor(7,LAPTOP-5SS2J05M) [Debug] 1 [PackageName] WindowsEditor [ProjectName] Editor" joined multi-casting on [225.0.0.222:54997]...

Player connection [15620] Host "[IP] 172.31.1.61 [Port] 0 [Flags] 2 [Guid] 1821699647 [EditorId] 1821699647 [Version] 1048832 [Id] WindowsEditor(7,LAPTOP-5SS2J05M) [Debug] 1 [PackageName] WindowsEditor [ProjectName] Editor" joined alternative multi-casting on [225.0.0.222:34997]...

Refreshing native plugins compatible for Editor in 72.65 ms, found 3 plugins.
Preloading 0 native plugins for Editor in 0.00 ms.
Initialize engine version: 2021.3.20f1 (577897200b8b)
[Subsystems] Discovering subsystems at path C:/Program Files/Unity/Hub/Editor/2021.3.20f1/Editor/Data/Resources/UnitySubsystems
[Subsystems] Discovering subsystems at path C:/Users/user/Documents/GitHub/CubeCom/CubeCom/Assets
GfxDevice: creating device client; threaded=0; jobified=0
Direct3D:
    Version:  Direct3D 11.0 [level 11.1]
    Renderer: NVIDIA GeForce RTX 3050 Ti Laptop GPU (ID=0x25a0)
    Vendor:   NVIDIA
    VRAM:     3990 MB
    Driver:   27.21.14.6235
Initialize mono
Mono path[0] = 'C:/Program Files/Unity/Hub/Editor/2021.3.20f1/Editor/Data/Managed'
Mono path[1] = 'C:/Program Files/Unity/Hub/Editor/2021.3.20f1/Editor/Data/MonoBleedingEdge/lib/mono/unityjit-win32'
Mono config path = 'C:/Program Files/Unity/Hub/Editor/2021.3.20f1/Editor/Data/MonoBleedingEdge/etc'
Using monoOptions --debugger-agent=transport=dt_socket,embedding=1,server=y,suspend=n,address=127.0.0.1:56460
Begin MonoManager ReloadAssembly
Registering precompiled unity dll's ...
Register platform support module: C:/Program Files/Unity/Hub/Editor/2021.3.20f1/Editor/Data/PlaybackEngines/AndroidPlayer/UnityEditor.Android.Extensions.dll
Register platform support module: C:/Program Files/Unity/Hub/Editor/2021.3.20f1/Editor/Data/PlaybackEngines/WindowsStandaloneSupport/UnityEditor.WindowsStandalone.Extensions.dll
Registered in 0.009996 seconds.
Native extension for WindowsStandalone target not found
Native extension for Android target not found
Android Extension - Scanning For ADB Devices 453 ms
Refreshing native plugins compatible for Editor in 65.13 ms, found 3 plugins.
Preloading 0 native plugins for Editor in 0.00 ms.
Mono: successfully reloaded assembly
- Completed reload, in  1.259 seconds
Domain Reload Profiling:
	ReloadAssembly (1260ms)
		BeginReloadAssembly (163ms)
			ExecutionOrderSort (0ms)
			DisableScriptedObjects (0ms)
			BackupInstance (0ms)
			ReleaseScriptingObjects (0ms)
			CreateAndSetChildDomain (1ms)
		EndReloadAssembly (977ms)
			LoadAssemblies (162ms)
			RebuildTransferFunctionScriptingTraits (0ms)
			SetupTypeCache (127ms)
			ReleaseScriptCaches (0ms)
			RebuildScriptCaches (44ms)
			SetupLoadedEditorAssemblies (738ms)
				LogAssemblyErrors (0ms)
				InitializePlatformSupportModulesInManaged (533ms)
				SetLoadedEditorAssemblies (0ms)
				RefreshPlugins (65ms)
				BeforeProcessingInitializeOnLoad (1ms)
				ProcessInitializeOnLoadAttributes (95ms)
				ProcessInitializeOnLoadMethodAttributes (42ms)
				AfterProcessingInitializeOnLoad (0ms)
				EditorAssembliesLoaded (0ms)
			ExecutionOrderSort2 (0ms)
			AwakeInstancesAfterBackupRestoration (0ms)
Platform modules already initialized, skipping
Registering precompiled user dll's ...
Registered in 0.006799 seconds.
Begin MonoManager ReloadAssembly
Symbol file LoadedFromMemory doesn't match image C:\Users\user\Documents\GitHub\CubeCom\CubeCom\Library\PackageCache\com.unity.visualscripting@1.8.0\Editor\VisualScripting.Core\Dependencies\YamlDotNet\Unity.VisualScripting.YamlDotNet.dll
Symbol file LoadedFromMemory doesn't match image C:\Users\user\Documents\GitHub\CubeCom\CubeCom\Library\PackageCache\com.unity.visualscripting@1.8.0\Editor\VisualScripting.Core\Dependencies\DotNetZip\Unity.VisualScripting.IonicZip.dll
Native extension for WindowsStandalone target not found
Native extension for Android target not found
Refreshing native plugins compatible for Editor in 0.49 ms, found 3 plugins.
Preloading 0 native plugins for Editor in 0.00 ms.
Mono: successfully reloaded assembly
- Completed reload, in  1.211 seconds
Domain Reload Profiling:
	ReloadAssembly (1212ms)
		BeginReloadAssembly (140ms)
			ExecutionOrderSort (0ms)
			DisableScriptedObjects (6ms)
			BackupInstance (0ms)
			ReleaseScriptingObjects (0ms)
			CreateAndSetChildDomain (22ms)
		EndReloadAssembly (961ms)
			LoadAssemblies (106ms)
			RebuildTransferFunctionScriptingTraits (0ms)
			SetupTypeCache (300ms)
			ReleaseScriptCaches (0ms)
			RebuildScriptCaches (64ms)
			SetupLoadedEditorAssemblies (445ms)
				LogAssemblyErrors (0ms)
				InitializePlatformSupportModulesInManaged (22ms)
				SetLoadedEditorAssemblies (0ms)
				RefreshPlugins (1ms)
				BeforeProcessingInitializeOnLoad (110ms)
				ProcessInitializeOnLoadAttributes (278ms)
				ProcessInitializeOnLoadMethodAttributes (23ms)
				AfterProcessingInitializeOnLoad (10ms)
				EditorAssembliesLoaded (0ms)
			ExecutionOrderSort2 (0ms)
			AwakeInstancesAfterBackupRestoration (15ms)
Platform modules already initialized, skipping
========================================================================
Worker process is ready to serve import requests
Launched and connected shader compiler UnityShaderCompiler.exe after 0.06 seconds
Refreshing native plugins compatible for Editor in 0.76 ms, found 3 plugins.
Preloading 0 native plugins for Editor in 0.00 ms.
Unloading 3051 Unused Serialized files (Serialized files now loaded: 0)
Unloading 24 unused Assets / (113.4 KB). Loaded Objects now: 3514.
Memory consumption went from 112.2 MB to 112.1 MB.
Total: 4.049100 ms (FindLiveObjects: 0.463500 ms CreateObjectMapping: 0.104400 ms MarkObjects: 3.394100 ms  DeleteObjects: 0.085900 ms)

AssetImportParameters requested are different than current active one (requested -> active):
  custom:video-decoder-ogg-theora: a1e56fd34408186e4bbccfd4996cb3dc -> 
  custom:container-muxer-webm: aa71ff27fc2769a1b78a27578f13a17b -> 
  custom:container-demuxer-webm: 4f35f7cbe854078d1ac9338744f61a02 -> 
  custom:video-encoder-webm-vp8: eb34c28f22e8b96e1ab97ce403110664 -> 
  custom:video-codec-MediaFoundation-h265: 746d11721c4dcdbdad8f713fa42b33f4 -> 
  custom:audio-encoder-webm-vorbis: bf7c407c2cedff20999df2af8eb42d56 -> 
  custom:framework-win-MediaFoundation: 216162199b28c13a410421893ffa2e32 -> 
  custom:container-demuxer-ogg: 62fdf1f143b41e24485cea50d1cbac27 -> 
  custom:video-decoder-webm-vp8: 9c59270c3fd7afecdb556c50c9e8de78 -> 
  custom:audio-decoder-ogg-vorbis: bf7c407c2cedff20999df2af8eb42d56 -> 
========================================================================
Received Import Request.
  Time since last request: 1129405.513447 seconds.
  path: Assets/3.Material/1.mat
  artifactKey: Guid(149140c52f4441140a98e991a24a2bcd) Importer(815301076,1909f56bfc062723c751e8b465ee728b)
Start importing Assets/3.Material/1.mat using Guid(149140c52f4441140a98e991a24a2bcd) Importer(815301076,1909f56bfc062723c751e8b465ee728b)  -> (artifact id: '41d7b06844901a1f739278eae3a3ee3a') in 0.177084 seconds 
========================================================================
Received Import Request.
  Time since last request: 18.035844 seconds.
  path: Assets/3.Material/1.mat
  artifactKey: Guid(149140c52f4441140a98e991a24a2bcd) Importer(815301076,1909f56bfc062723c751e8b465ee728b)
Start importing Assets/3.Material/1.mat using Guid(149140c52f4441140a98e991a24a2bcd) Importer(815301076,1909f56bfc062723c751e8b465ee728b)  -> (artifact id: '920b89bd5b942c4476647f436314b312') in 0.030813 seconds 
========================================================================
Received Import Request.
  Time since last request: 30.190814 seconds.
  path: Assets/3.Material/Base.mat
  artifactKey: Guid(ed5b1d46e358c244e925084b4d9beead) Importer(815301076,1909f56bfc062723c751e8b465ee728b)
Start importing Assets/3.Material/Base.mat using Guid(ed5b1d46e358c244e925084b4d9beead) Importer(815301076,1909f56bfc062723c751e8b465ee728b)  -> (artifact id: '309296c89278f4d0a9a6c2e09d811a10') in 0.025014 seconds 
========================================================================
Received Import Request.
  Time since last request: 1.343271 seconds.
  path: Assets/3.Material/1 1.mat
  artifactKey: Guid(855f891282663ef46bef0cae5ab32803) Importer(815301076,1909f56bfc062723c751e8b465ee728b)
Start importing Assets/3.Material/1 1.mat using Guid(855f891282663ef46bef0cae5ab32803) Importer(815301076,1909f56bfc062723c751e8b465ee728b)  -> (artifact id: 'f567eaf2e9baf065b914f4525196ffaa') in 0.028448 seconds 
========================================================================
Received Import Request.
  Time since last request: 0.139185 seconds.
  path: Assets/3.Material/1 2.mat
  artifactKey: Guid(62d58614961531242b83c1d500039a11) Importer(815301076,1909f56bfc062723c751e8b465ee728b)
Start importing Assets/3.Material/1 2.mat using Guid(62d58614961531242b83c1d500039a11) Importer(815301076,1909f56bfc062723c751e8b465ee728b)  -> (artifact id: '8d5b137e379d888dcc46a9406e0d3253') in 0.036796 seconds 
========================================================================
Received Import Request.
  Time since last request: 0.195272 seconds.
  path: Assets/3.Material/1 3.mat
  artifactKey: Guid(d53f4f028bd1e804b909ab69ee308720) Importer(815301076,1909f56bfc062723c751e8b465ee728b)
Start importing Assets/3.Material/1 3.mat using Guid(d53f4f028bd1e804b909ab69ee308720) Importer(815301076,1909f56bfc062723c751e8b465ee728b)  -> (artifact id: '844145a1450f07c2b51ecfe2eec16867') in 0.034009 seconds 
========================================================================
Received Import Request.
  Time since last request: 0.192226 seconds.
  path: Assets/3.Material/1 4.mat
  artifactKey: Guid(e6c633ea999d0f64abcbe3b81f5dd6ea) Importer(815301076,1909f56bfc062723c751e8b465ee728b)
Start importing Assets/3.Material/1 4.mat using Guid(e6c633ea999d0f64abcbe3b81f5dd6ea) Importer(815301076,1909f56bfc062723c751e8b465ee728b)  -> (artifact id: '3d926e67ca62f984585148b7b76aa8f7') in 0.032413 seconds 
========================================================================
Received Import Request.
  Time since last request: 7.848248 seconds.
  path: Assets/3.Material/2.mat
  artifactKey: Guid(855f891282663ef46bef0cae5ab32803) Importer(815301076,1909f56bfc062723c751e8b465ee728b)
Start importing Assets/3.Material/2.mat using Guid(855f891282663ef46bef0cae5ab32803) Importer(815301076,1909f56bfc062723c751e8b465ee728b)  -> (artifact id: 'b8ecc672ee9b37fce57a031e92a54e40') in 0.035927 seconds 
========================================================================
Received Import Request.
  Time since last request: 5.247507 seconds.
  path: Assets/3.Material/3.mat
  artifactKey: Guid(e6c633ea999d0f64abcbe3b81f5dd6ea) Importer(815301076,1909f56bfc062723c751e8b465ee728b)
Start importing Assets/3.Material/3.mat using Guid(e6c633ea999d0f64abcbe3b81f5dd6ea) Importer(815301076,1909f56bfc062723c751e8b465ee728b)  -> (artifact id: '3163d5ec92be954c85f372ca162c632b') in 0.033619 seconds 
========================================================================
Received Import Request.
  Time since last request: 2.305811 seconds.
  path: Assets/3.Material/4.mat
  artifactKey: Guid(d53f4f028bd1e804b909ab69ee308720) Importer(815301076,1909f56bfc062723c751e8b465ee728b)
Start importing Assets/3.Material/4.mat using Guid(d53f4f028bd1e804b909ab69ee308720) Importer(815301076,1909f56bfc062723c751e8b465ee728b)  -> (artifact id: '3ce869b26d80b8b4d944b343dbde2ebb') in 0.031810 seconds 
========================================================================
Received Import Request.
  Time since last request: 1.221957 seconds.
  path: Assets/3.Material/5.mat
  artifactKey: Guid(62d58614961531242b83c1d500039a11) Importer(815301076,1909f56bfc062723c751e8b465ee728b)
Start importing Assets/3.Material/5.mat using Guid(62d58614961531242b83c1d500039a11) Importer(815301076,1909f56bfc062723c751e8b465ee728b)  -> (artifact id: 'f919bcbd037863255c338981e340f35b') in 0.036504 seconds 
========================================================================
Received Import Request.
  Time since last request: 1.433446 seconds.
  path: Assets/3.Material/5 1.mat
  artifactKey: Guid(cbd04b6e33f324341a21bc3d140af369) Importer(815301076,1909f56bfc062723c751e8b465ee728b)
Start importing Assets/3.Material/5 1.mat using Guid(cbd04b6e33f324341a21bc3d140af369) Importer(815301076,1909f56bfc062723c751e8b465ee728b)  -> (artifact id: 'f44ee1fce7152cd08f0476d1bf6301f1') in 0.038250 seconds 
========================================================================
Received Import Request.
  Time since last request: 2.685758 seconds.
  path: Assets/3.Material/6.mat
  artifactKey: Guid(cbd04b6e33f324341a21bc3d140af369) Importer(815301076,1909f56bfc062723c751e8b465ee728b)
Start importing Assets/3.Material/6.mat using Guid(cbd04b6e33f324341a21bc3d140af369) Importer(815301076,1909f56bfc062723c751e8b465ee728b)  -> (artifact id: '1a576305144833a182b1b0348ea37278') in 0.032533 seconds 
========================================================================
Received Import Request.
  Time since last request: 2.459228 seconds.
  path: Assets/3.Material/6 1.mat
  artifactKey: Guid(22c82f8a391dc70418f4d3aa000ecebd) Importer(815301076,1909f56bfc062723c751e8b465ee728b)
Start importing Assets/3.Material/6 1.mat using Guid(22c82f8a391dc70418f4d3aa000ecebd) Importer(815301076,1909f56bfc062723c751e8b465ee728b)  -> (artifact id: '413ebf6c686dde64f29e560390b34858') in 0.035798 seconds 
========================================================================
Received Import Request.
  Time since last request: 0.178442 seconds.
  path: Assets/3.Material/6 2.mat
  artifactKey: Guid(635360c50659d5c41880d77aa3f91280) Importer(815301076,1909f56bfc062723c751e8b465ee728b)
Start importing Assets/3.Material/6 2.mat using Guid(635360c50659d5c41880d77aa3f91280) Importer(815301076,1909f56bfc062723c751e8b465ee728b)  -> (artifact id: '35b893f2efb94e95b8f785a1bd8ded61') in 0.032133 seconds 
========================================================================
Received Import Request.
  Time since last request: 0.159673 seconds.
  path: Assets/3.Material/6 3.mat
  artifactKey: Guid(24fc558efef0d8245836abcb1b51516f) Importer(815301076,1909f56bfc062723c751e8b465ee728b)
Start importing Assets/3.Material/6 3.mat using Guid(24fc558efef0d8245836abcb1b51516f) Importer(815301076,1909f56bfc062723c751e8b465ee728b)  -> (artifact id: '9ae617e6a76a130229ff02006157dff2') in 0.033208 seconds 
========================================================================
Received Import Request.
  Time since last request: 4.662974 seconds.
  path: Assets/3.Material/7.mat
  artifactKey: Guid(22c82f8a391dc70418f4d3aa000ecebd) Importer(815301076,1909f56bfc062723c751e8b465ee728b)
Start importing Assets/3.Material/7.mat using Guid(22c82f8a391dc70418f4d3aa000ecebd) Importer(815301076,1909f56bfc062723c751e8b465ee728b)  -> (artifact id: 'eb75852ce0d8882f07ff3da1f5fc3d3d') in 0.034696 seconds 
========================================================================
Received Import Request.
  Time since last request: 2.703979 seconds.
  path: Assets/3.Material/8.mat
  artifactKey: Guid(635360c50659d5c41880d77aa3f91280) Importer(815301076,1909f56bfc062723c751e8b465ee728b)
Start importing Assets/3.Material/8.mat using Guid(635360c50659d5c41880d77aa3f91280) Importer(815301076,1909f56bfc062723c751e8b465ee728b)  -> (artifact id: '483c1e9d07b4c0071b73ba4ef8809f47') in 0.029474 seconds 
========================================================================
Received Import Request.
  Time since last request: 3.438247 seconds.
  path: Assets/3.Material/9.mat
  artifactKey: Guid(24fc558efef0d8245836abcb1b51516f) Importer(815301076,1909f56bfc062723c751e8b465ee728b)
Start importing Assets/3.Material/9.mat using Guid(24fc558efef0d8245836abcb1b51516f) Importer(815301076,1909f56bfc062723c751e8b465ee728b)  -> (artifact id: '31d14deaee6361cf9fb23438c39900d3') in 0.030680 seconds 
========================================================================
Received Import Request.
  Time since last request: 2.908779 seconds.
  path: Assets/4.Prefabs/Cube.prefab
  artifactKey: Guid(ef298a69e4d56d1499e17318c78f7968) Importer(815301076,1909f56bfc062723c751e8b465ee728b)
Start importing Assets/4.Prefabs/Cube.prefab using Guid(ef298a69e4d56d1499e17318c78f7968) Importer(815301076,1909f56bfc062723c751e8b465ee728b)  -> (artifact id: 'a242f25a58fd3f8b3188fc82d73ffe3a') in 0.064592 seconds 
========================================================================
Received Import Request.
  Time since last request: 0.242399 seconds.
  path: Assets/5. Resource/002.png
  artifactKey: Guid(f7b0d2e4cc19c784abf1f505e8bdff11) Importer(815301076,1909f56bfc062723c751e8b465ee728b)
Start importing Assets/5. Resource/002.png using Guid(f7b0d2e4cc19c784abf1f505e8bdff11) Importer(815301076,1909f56bfc062723c751e8b465ee728b)  -> (artifact id: 'c873d1999f34d4dfc7da4b9e1c92ee48') in 0.036529 seconds 
========================================================================
Received Import Request.
  Time since last request: 109.832391 seconds.
  path: Assets/4.Prefabs/Cube.prefab
  artifactKey: Guid(ef298a69e4d56d1499e17318c78f7968) Importer(815301076,1909f56bfc062723c751e8b465ee728b)
Start importing Assets/4.Prefabs/Cube.prefab using Guid(ef298a69e4d56d1499e17318c78f7968) Importer(815301076,1909f56bfc062723c751e8b465ee728b)  -> (artifact id: '51ca6dc62a0b071cf6a4bca10e1a0943') in 0.035116 seconds 
========================================================================
Received Import Request.
  Time since last request: 1.967644 seconds.
  path: Assets/4.Prefabs/Cube.prefab
  artifactKey: Guid(ef298a69e4d56d1499e17318c78f7968) Importer(815301076,1909f56bfc062723c751e8b465ee728b)
Start importing Assets/4.Prefabs/Cube.prefab using Guid(ef298a69e4d56d1499e17318c78f7968) Importer(815301076,1909f56bfc062723c751e8b465ee728b)  -> (artifact id: 'a2380f65cc3d866983b16237a9bc37f5') in 0.034533 seconds 
========================================================================
Received Import Request.
  Time since last request: 7.471566 seconds.
  path: Assets/4.Prefabs/Cube.prefab
  artifactKey: Guid(ef298a69e4d56d1499e17318c78f7968) Importer(815301076,1909f56bfc062723c751e8b465ee728b)
Start importing Assets/4.Prefabs/Cube.prefab using Guid(ef298a69e4d56d1499e17318c78f7968) Importer(815301076,1909f56bfc062723c751e8b465ee728b)  -> (artifact id: 'adcb14dc3e90c6e56ce9e7a4af9bf401') in 0.034149 seconds 
========================================================================
Received Import Request.
  Time since last request: 279.140117 seconds.
  path: Assets/4.Prefabs/Cube.prefab
  artifactKey: Guid(ef298a69e4d56d1499e17318c78f7968) Importer(815301076,1909f56bfc062723c751e8b465ee728b)
Start importing Assets/4.Prefabs/Cube.prefab using Guid(ef298a69e4d56d1499e17318c78f7968) Importer(815301076,1909f56bfc062723c751e8b465ee728b)  -> (artifact id: '5d6557389bdaa1a43bf0b43026a04231') in 0.034142 seconds 
========================================================================
Received Import Request.
  Time since last request: 15.769371 seconds.
  path: Assets/2.Scripts/ChangeNum.cs
  artifactKey: Guid(7ebd161256d01f045a20a108b4734c2d) Importer(815301076,1909f56bfc062723c751e8b465ee728b)
Start importing Assets/2.Scripts/ChangeNum.cs using Guid(7ebd161256d01f045a20a108b4734c2d) Importer(815301076,1909f56bfc062723c751e8b465ee728b)  -> (artifact id: '5bdd9988b20e7b1afb67a551ffda76c3') in 0.021272 seconds 
========================================================================
Received Prepare
Registering precompiled user dll's ...
Registered in 0.006450 seconds.
Begin MonoManager ReloadAssembly
Symbol file LoadedFromMemory doesn't match image C:\Users\user\Documents\GitHub\CubeCom\CubeCom\Library\PackageCache\com.unity.visualscripting@1.8.0\Editor\VisualScripting.Core\Dependencies\YamlDotNet\Unity.VisualScripting.YamlDotNet.dll
Symbol file LoadedFromMemory doesn't match image C:\Users\user\Documents\GitHub\CubeCom\CubeCom\Library\PackageCache\com.unity.visualscripting@1.8.0\Editor\VisualScripting.Core\Dependencies\DotNetZip\Unity.VisualScripting.IonicZip.dll
Native extension for WindowsStandalone target not found
Native extension for Android target not found
Refreshing native plugins compatible for Editor in 0.64 ms, found 3 plugins.
Preloading 0 native plugins for Editor in 0.00 ms.
Mono: successfully reloaded assembly
- Completed reload, in  1.423 seconds
Domain Reload Profiling:
	ReloadAssembly (1424ms)
		BeginReloadAssembly (255ms)
			ExecutionOrderSort (0ms)
			DisableScriptedObjects (6ms)
			BackupInstance (0ms)
			ReleaseScriptingObjects (0ms)
			CreateAndSetChildDomain (61ms)
		EndReloadAssembly (1023ms)
			LoadAssemblies (192ms)
			RebuildTransferFunctionScriptingTraits (0ms)
			SetupTypeCache (370ms)
			ReleaseScriptCaches (2ms)
			RebuildScriptCaches (56ms)
			SetupLoadedEditorAssemblies (404ms)
				LogAssemblyErrors (0ms)
				InitializePlatformSupportModulesInManaged (30ms)
				SetLoadedEditorAssemblies (0ms)
				RefreshPlugins (1ms)
				BeforeProcessingInitializeOnLoad (91ms)
				ProcessInitializeOnLoadAttributes (245ms)
				ProcessInitializeOnLoadMethodAttributes (24ms)
				AfterProcessingInitializeOnLoad (12ms)
				EditorAssembliesLoaded (0ms)
			ExecutionOrderSort2 (0ms)
			AwakeInstancesAfterBackupRestoration (13ms)
Platform modules already initialized, skipping
Refreshing native plugins compatible for Editor in 1.88 ms, found 3 plugins.
Preloading 0 native plugins for Editor in 0.00 ms.
Unloading 3047 Unused Serialized files (Serialized files now loaded: 0)
Unloading 17 unused Assets / (79.9 KB). Loaded Objects now: 3562.
Memory consumption went from 116.8 MB to 116.7 MB.
Total: 2.402900 ms (FindLiveObjects: 0.208600 ms CreateObjectMapping: 0.077100 ms MarkObjects: 2.049300 ms  DeleteObjects: 0.066400 ms)

AssetImportParameters requested are different than current active one (requested -> active):
  custom:video-decoder-ogg-theora: a1e56fd34408186e4bbccfd4996cb3dc -> 
  custom:container-muxer-webm: aa71ff27fc2769a1b78a27578f13a17b -> 
  custom:container-demuxer-webm: 4f35f7cbe854078d1ac9338744f61a02 -> 
  custom:video-encoder-webm-vp8: eb34c28f22e8b96e1ab97ce403110664 -> 
  custom:video-codec-MediaFoundation-h265: 746d11721c4dcdbdad8f713fa42b33f4 -> 
  custom:audio-encoder-webm-vorbis: bf7c407c2cedff20999df2af8eb42d56 -> 
  custom:framework-win-MediaFoundation: 216162199b28c13a410421893ffa2e32 -> 
  custom:container-demuxer-ogg: 62fdf1f143b41e24485cea50d1cbac27 -> 
  custom:video-decoder-webm-vp8: 9c59270c3fd7afecdb556c50c9e8de78 -> 
  custom:audio-decoder-ogg-vorbis: bf7c407c2cedff20999df2af8eb42d56 -> 
========================================================================
Received Prepare
Registering precompiled user dll's ...
Registered in 0.005304 seconds.
Begin MonoManager ReloadAssembly
Symbol file LoadedFromMemory doesn't match image C:\Users\user\Documents\GitHub\CubeCom\CubeCom\Library\PackageCache\com.unity.visualscripting@1.8.0\Editor\VisualScripting.Core\Dependencies\YamlDotNet\Unity.VisualScripting.YamlDotNet.dll
Symbol file LoadedFromMemory doesn't match image C:\Users\user\Documents\GitHub\CubeCom\CubeCom\Library\PackageCache\com.unity.visualscripting@1.8.0\Editor\VisualScripting.Core\Dependencies\DotNetZip\Unity.VisualScripting.IonicZip.dll
Native extension for WindowsStandalone target not found
Native extension for Android target not found
Refreshing native plugins compatible for Editor in 0.71 ms, found 3 plugins.
Preloading 0 native plugins for Editor in 0.00 ms.
Mono: successfully reloaded assembly
- Completed reload, in  1.143 seconds
Domain Reload Profiling:
	ReloadAssembly (1144ms)
		BeginReloadAssembly (153ms)
			ExecutionOrderSort (0ms)
			DisableScriptedObjects (5ms)
			BackupInstance (0ms)
			ReleaseScriptingObjects (0ms)
			CreateAndSetChildDomain (36ms)
		EndReloadAssembly (907ms)
			LoadAssemblies (109ms)
			RebuildTransferFunctionScriptingTraits (0ms)
			SetupTypeCache (284ms)
			ReleaseScriptCaches (2ms)
			RebuildScriptCaches (46ms)
			SetupLoadedEditorAssemblies (406ms)
				LogAssemblyErrors (0ms)
				InitializePlatformSupportModulesInManaged (20ms)
				SetLoadedEditorAssemblies (0ms)
				RefreshPlugins (1ms)
				BeforeProcessingInitializeOnLoad (75ms)
				ProcessInitializeOnLoadAttributes (268ms)
				ProcessInitializeOnLoadMethodAttributes (28ms)
				AfterProcessingInitializeOnLoad (13ms)
				EditorAssembliesLoaded (0ms)
			ExecutionOrderSort2 (0ms)
			AwakeInstancesAfterBackupRestoration (14ms)
Platform modules already initialized, skipping
Refreshing native plugins compatible for Editor in 2.46 ms, found 3 plugins.
Preloading 0 native plugins for Editor in 0.00 ms.
Unloading 3047 Unused Serialized files (Serialized files now loaded: 0)
Unloading 17 unused Assets / (79.8 KB). Loaded Objects now: 3565.
Memory consumption went from 116.8 MB to 116.7 MB.
Total: 2.782900 ms (FindLiveObjects: 0.241400 ms CreateObjectMapping: 0.062200 ms MarkObjects: 2.337900 ms  DeleteObjects: 0.140400 ms)

AssetImportParameters requested are different than current active one (requested -> active):
  custom:video-decoder-ogg-theora: a1e56fd34408186e4bbccfd4996cb3dc -> 
  custom:container-muxer-webm: aa71ff27fc2769a1b78a27578f13a17b -> 
  custom:container-demuxer-webm: 4f35f7cbe854078d1ac9338744f61a02 -> 
  custom:video-encoder-webm-vp8: eb34c28f22e8b96e1ab97ce403110664 -> 
  custom:video-codec-MediaFoundation-h265: 746d11721c4dcdbdad8f713fa42b33f4 -> 
  custom:audio-encoder-webm-vorbis: bf7c407c2cedff20999df2af8eb42d56 -> 
  custom:framework-win-MediaFoundation: 216162199b28c13a410421893ffa2e32 -> 
  custom:container-demuxer-ogg: 62fdf1f143b41e24485cea50d1cbac27 -> 
  custom:video-decoder-webm-vp8: 9c59270c3fd7afecdb556c50c9e8de78 -> 
  custom:audio-decoder-ogg-vorbis: bf7c407c2cedff20999df2af8eb42d56 -> 
========================================================================
Received Prepare
Registering precompiled user dll's ...
Registered in 0.005927 seconds.
Begin MonoManager ReloadAssembly
Symbol file LoadedFromMemory doesn't match image C:\Users\user\Documents\GitHub\CubeCom\CubeCom\Library\PackageCache\com.unity.visualscripting@1.8.0\Editor\VisualScripting.Core\Dependencies\YamlDotNet\Unity.VisualScripting.YamlDotNet.dll
Symbol file LoadedFromMemory doesn't match image C:\Users\user\Documents\GitHub\CubeCom\CubeCom\Library\PackageCache\com.unity.visualscripting@1.8.0\Editor\VisualScripting.Core\Dependencies\DotNetZip\Unity.VisualScripting.IonicZip.dll
Native extension for WindowsStandalone target not found
Native extension for Android target not found
Refreshing native plugins compatible for Editor in 2.44 ms, found 3 plugins.
Preloading 0 native plugins for Editor in 0.00 ms.
Mono: successfully reloaded assembly
- Completed reload, in  1.193 seconds
Domain Reload Profiling:
	ReloadAssembly (1193ms)
		BeginReloadAssembly (212ms)
			ExecutionOrderSort (0ms)
			DisableScriptedObjects (5ms)
			BackupInstance (0ms)
			ReleaseScriptingObjects (0ms)
			CreateAndSetChildDomain (46ms)
		EndReloadAssembly (855ms)
			LoadAssemblies (157ms)
			RebuildTransferFunctionScriptingTraits (0ms)
			SetupTypeCache (277ms)
			ReleaseScriptCaches (3ms)
			RebuildScriptCaches (51ms)
			SetupLoadedEditorAssemblies (359ms)
				LogAssemblyErrors (0ms)
				InitializePlatformSupportModulesInManaged (28ms)
				SetLoadedEditorAssemblies (1ms)
				RefreshPlugins (3ms)
				BeforeProcessingInitializeOnLoad (87ms)
				ProcessInitializeOnLoadAttributes (212ms)
				ProcessInitializeOnLoadMethodAttributes (18ms)
				AfterProcessingInitializeOnLoad (11ms)
				EditorAssembliesLoaded (0ms)
			ExecutionOrderSort2 (0ms)
			AwakeInstancesAfterBackupRestoration (13ms)
Platform modules already initialized, skipping
Refreshing native plugins compatible for Editor in 1.84 ms, found 3 plugins.
Preloading 0 native plugins for Editor in 0.00 ms.
Unloading 3047 Unused Serialized files (Serialized files now loaded: 0)
Unloading 17 unused Assets / (79.8 KB). Loaded Objects now: 3568.
Memory consumption went from 116.8 MB to 116.7 MB.
Total: 3.708500 ms (FindLiveObjects: 0.373900 ms CreateObjectMapping: 0.069600 ms MarkObjects: 3.107100 ms  DeleteObjects: 0.156700 ms)

AssetImportParameters requested are different than current active one (requested -> active):
  custom:video-decoder-ogg-theora: a1e56fd34408186e4bbccfd4996cb3dc -> 
  custom:container-muxer-webm: aa71ff27fc2769a1b78a27578f13a17b -> 
  custom:container-demuxer-webm: 4f35f7cbe854078d1ac9338744f61a02 -> 
  custom:video-encoder-webm-vp8: eb34c28f22e8b96e1ab97ce403110664 -> 
  custom:video-codec-MediaFoundation-h265: 746d11721c4dcdbdad8f713fa42b33f4 -> 
  custom:audio-encoder-webm-vorbis: bf7c407c2cedff20999df2af8eb42d56 -> 
  custom:framework-win-MediaFoundation: 216162199b28c13a410421893ffa2e32 -> 
  custom:container-demuxer-ogg: 62fdf1f143b41e24485cea50d1cbac27 -> 
  custom:video-decoder-webm-vp8: 9c59270c3fd7afecdb556c50c9e8de78 -> 
  custom:audio-decoder-ogg-vorbis: bf7c407c2cedff20999df2af8eb42d56 -> 
========================================================================
Received Import Request.
  Time since last request: 428.566488 seconds.
  path: Assets/2.Scripts/ChangeNum.cs
  artifactKey: Guid(7ebd161256d01f045a20a108b4734c2d) Importer(815301076,1909f56bfc062723c751e8b465ee728b)
Start importing Assets/2.Scripts/ChangeNum.cs using Guid(7ebd161256d01f045a20a108b4734c2d) Importer(815301076,1909f56bfc062723c751e8b465ee728b)  -> (artifact id: 'ea3a15423dec2a90f41933abd576628e') in 0.016909 seconds 
========================================================================
Received Import Request.
  Time since last request: 63.705004 seconds.
  path: Assets/2.Scripts/RotateCube.cs
  artifactKey: Guid(a84e4a45541de7c4b963599158b307d6) Importer(815301076,1909f56bfc062723c751e8b465ee728b)
Start importing Assets/2.Scripts/RotateCube.cs using Guid(a84e4a45541de7c4b963599158b307d6) Importer(815301076,1909f56bfc062723c751e8b465ee728b)  -> (artifact id: '8e099105df0d31806d09a72d446a3c2f') in 0.005700 seconds 
========================================================================
Received Import Request.
  Time since last request: 0.669262 seconds.
  path: Assets/2.Scripts/PannelTouch.cs
  artifactKey: Guid(9dac8806ad2a6f84492ffd564c6e7062) Importer(815301076,1909f56bfc062723c751e8b465ee728b)
Start importing Assets/2.Scripts/PannelTouch.cs using Guid(9dac8806ad2a6f84492ffd564c6e7062) Importer(815301076,1909f56bfc062723c751e8b465ee728b)  -> (artifact id: '27482a41be15b5fecbbcb43de8d34ed2') in 0.010595 seconds 
========================================================================
Received Import Request.
  Time since last request: 26.688969 seconds.
  path: Assets/2.Scripts/ChangeNum.cs
  artifactKey: Guid(7ebd161256d01f045a20a108b4734c2d) Importer(815301076,1909f56bfc062723c751e8b465ee728b)
Start importing Assets/2.Scripts/ChangeNum.cs using Guid(7ebd161256d01f045a20a108b4734c2d) Importer(815301076,1909f56bfc062723c751e8b465ee728b)  -> (artifact id: 'cdf262eedfee75c3670e491a92529c78') in 0.006190 seconds 
========================================================================
Received Import Request.
  Time since last request: 10.237299 seconds.
  path: Assets/2.Scripts/ChangeNum.cs
  artifactKey: Guid(7ebd161256d01f045a20a108b4734c2d) Importer(815301076,1909f56bfc062723c751e8b465ee728b)
Start importing Assets/2.Scripts/ChangeNum.cs using Guid(7ebd161256d01f045a20a108b4734c2d) Importer(815301076,1909f56bfc062723c751e8b465ee728b)  -> (artifact id: '38b2eea4ae98a86bb2cc5095cf405169') in 0.004544 seconds 
========================================================================
Received Import Request.
  Time since last request: 5.638684 seconds.
  path: Assets/2.Scripts/ChangeNum.cs
  artifactKey: Guid(7ebd161256d01f045a20a108b4734c2d) Importer(815301076,1909f56bfc062723c751e8b465ee728b)
Start importing Assets/2.Scripts/ChangeNum.cs using Guid(7ebd161256d01f045a20a108b4734c2d) Importer(815301076,1909f56bfc062723c751e8b465ee728b)  -> (artifact id: '9a1e3d11d4c30b2d1df64cebbb16f871') in 0.014985 seconds 
========================================================================
Received Import Request.
  Time since last request: 3.448002 seconds.
  path: Assets/2.Scripts/ChangeNum.cs
  artifactKey: Guid(7ebd161256d01f045a20a108b4734c2d) Importer(815301076,1909f56bfc062723c751e8b465ee728b)
Start importing Assets/2.Scripts/ChangeNum.cs using Guid(7ebd161256d01f045a20a108b4734c2d) Importer(815301076,1909f56bfc062723c751e8b465ee728b)  -> (artifact id: '51628f033c907cc7e725ca8a9cb2cf46') in 0.022758 seconds 
========================================================================
Received Prepare
Registering precompiled user dll's ...
Registered in 0.019872 seconds.
Begin MonoManager ReloadAssembly
Symbol file LoadedFromMemory doesn't match image C:\Users\user\Documents\GitHub\CubeCom\CubeCom\Library\PackageCache\com.unity.visualscripting@1.8.0\Editor\VisualScripting.Core\Dependencies\YamlDotNet\Unity.VisualScripting.YamlDotNet.dll
Symbol file LoadedFromMemory doesn't match image C:\Users\user\Documents\GitHub\CubeCom\CubeCom\Library\PackageCache\com.unity.visualscripting@1.8.0\Editor\VisualScripting.Core\Dependencies\DotNetZip\Unity.VisualScripting.IonicZip.dll
Native extension for WindowsStandalone target not found
Native extension for Android target not found
Refreshing native plugins compatible for Editor in 0.56 ms, found 3 plugins.
Preloading 0 native plugins for Editor in 0.00 ms.
Mono: successfully reloaded assembly
- Completed reload, in  1.073 seconds
Domain Reload Profiling:
	ReloadAssembly (1074ms)
		BeginReloadAssembly (190ms)
			ExecutionOrderSort (0ms)
			DisableScriptedObjects (7ms)
			BackupInstance (0ms)
			ReleaseScriptingObjects (0ms)
			CreateAndSetChildDomain (41ms)
		EndReloadAssembly (781ms)
			LoadAssemblies (140ms)
			RebuildTransferFunctionScriptingTraits (0ms)
			SetupTypeCache (277ms)
			ReleaseScriptCaches (4ms)
			RebuildScriptCaches (41ms)
			SetupLoadedEditorAssemblies (320ms)
				LogAssemblyErrors (0ms)
				InitializePlatformSupportModulesInManaged (27ms)
				SetLoadedEditorAssemblies (1ms)
				RefreshPlugins (1ms)
				BeforeProcessingInitializeOnLoad (89ms)
				ProcessInitializeOnLoadAttributes (179ms)
				ProcessInitializeOnLoadMethodAttributes (15ms)
				AfterProcessingInitializeOnLoad (9ms)
				EditorAssembliesLoaded (0ms)
			ExecutionOrderSort2 (0ms)
			AwakeInstancesAfterBackupRestoration (13ms)
Platform modules already initialized, skipping
Refreshing native plugins compatible for Editor in 1.89 ms, found 3 plugins.
Preloading 0 native plugins for Editor in 0.00 ms.
Unloading 3047 Unused Serialized files (Serialized files now loaded: 0)
Unloading 17 unused Assets / (79.8 KB). Loaded Objects now: 3571.
Memory consumption went from 116.8 MB to 116.8 MB.
Total: 3.224400 ms (FindLiveObjects: 0.352700 ms CreateObjectMapping: 0.113800 ms MarkObjects: 2.614900 ms  DeleteObjects: 0.142000 ms)

AssetImportParameters requested are different than current active one (requested -> active):
  custom:video-decoder-ogg-theora: a1e56fd34408186e4bbccfd4996cb3dc -> 
  custom:container-muxer-webm: aa71ff27fc2769a1b78a27578f13a17b -> 
  custom:container-demuxer-webm: 4f35f7cbe854078d1ac9338744f61a02 -> 
  custom:video-encoder-webm-vp8: eb34c28f22e8b96e1ab97ce403110664 -> 
  custom:video-codec-MediaFoundation-h265: 746d11721c4dcdbdad8f713fa42b33f4 -> 
  custom:audio-encoder-webm-vorbis: bf7c407c2cedff20999df2af8eb42d56 -> 
  custom:framework-win-MediaFoundation: 216162199b28c13a410421893ffa2e32 -> 
  custom:container-demuxer-ogg: 62fdf1f143b41e24485cea50d1cbac27 -> 
  custom:video-decoder-webm-vp8: 9c59270c3fd7afecdb556c50c9e8de78 -> 
  custom:audio-decoder-ogg-vorbis: bf7c407c2cedff20999df2af8eb42d56 -> 
========================================================================
Received Prepare
Registering precompiled user dll's ...
Registered in 0.006729 seconds.
Begin MonoManager ReloadAssembly
Symbol file LoadedFromMemory doesn't match image C:\Users\user\Documents\GitHub\CubeCom\CubeCom\Library\PackageCache\com.unity.visualscripting@1.8.0\Editor\VisualScripting.Core\Dependencies\YamlDotNet\Unity.VisualScripting.YamlDotNet.dll
Symbol file LoadedFromMemory doesn't match image C:\Users\user\Documents\GitHub\CubeCom\CubeCom\Library\PackageCache\com.unity.visualscripting@1.8.0\Editor\VisualScripting.Core\Dependencies\DotNetZip\Unity.VisualScripting.IonicZip.dll
Native extension for WindowsStandalone target not found
Native extension for Android target not found
Refreshing native plugins compatible for Editor in 0.70 ms, found 3 plugins.
Preloading 0 native plugins for Editor in 0.00 ms.
Mono: successfully reloaded assembly
- Completed reload, in  1.398 seconds
Domain Reload Profiling:
	ReloadAssembly (1399ms)
		BeginReloadAssembly (181ms)
			ExecutionOrderSort (0ms)
			DisableScriptedObjects (5ms)
			BackupInstance (0ms)
			ReleaseScriptingObjects (0ms)
			CreateAndSetChildDomain (41ms)
		EndReloadAssembly (1102ms)
			LoadAssemblies (124ms)
			RebuildTransferFunctionScriptingTraits (0ms)
			SetupTypeCache (433ms)
			ReleaseScriptCaches (2ms)
			RebuildScriptCaches (59ms)
			SetupLoadedEditorAssemblies (415ms)
				LogAssemblyErrors (0ms)
				InitializePlatformSupportModulesInManaged (22ms)
				SetLoadedEditorAssemblies (1ms)
				RefreshPlugins (1ms)
				BeforeProcessingInitializeOnLoad (100ms)
				ProcessInitializeOnLoadAttributes (255ms)
				ProcessInitializeOnLoadMethodAttributes (24ms)
				AfterProcessingInitializeOnLoad (12ms)
				EditorAssembliesLoaded (0ms)
			ExecutionOrderSort2 (0ms)
			AwakeInstancesAfterBackupRestoration (14ms)
Platform modules already initialized, skipping
Refreshing native plugins compatible for Editor in 1.80 ms, found 3 plugins.
Preloading 0 native plugins for Editor in 0.00 ms.
Unloading 3047 Unused Serialized files (Serialized files now loaded: 0)
Unloading 17 unused Assets / (79.7 KB). Loaded Objects now: 3574.
Memory consumption went from 116.8 MB to 116.8 MB.
Total: 2.932000 ms (FindLiveObjects: 0.197800 ms CreateObjectMapping: 0.064100 ms MarkObjects: 2.587700 ms  DeleteObjects: 0.080900 ms)

AssetImportParameters requested are different than current active one (requested -> active):
  custom:video-decoder-ogg-theora: a1e56fd34408186e4bbccfd4996cb3dc -> 
  custom:container-muxer-webm: aa71ff27fc2769a1b78a27578f13a17b -> 
  custom:container-demuxer-webm: 4f35f7cbe854078d1ac9338744f61a02 -> 
  custom:video-encoder-webm-vp8: eb34c28f22e8b96e1ab97ce403110664 -> 
  custom:video-codec-MediaFoundation-h265: 746d11721c4dcdbdad8f713fa42b33f4 -> 
  custom:audio-encoder-webm-vorbis: bf7c407c2cedff20999df2af8eb42d56 -> 
  custom:framework-win-MediaFoundation: 216162199b28c13a410421893ffa2e32 -> 
  custom:container-demuxer-ogg: 62fdf1f143b41e24485cea50d1cbac27 -> 
  custom:video-decoder-webm-vp8: 9c59270c3fd7afecdb556c50c9e8de78 -> 
  custom:audio-decoder-ogg-vorbis: bf7c407c2cedff20999df2af8eb42d56 -> 
========================================================================
Received Prepare
Registering precompiled user dll's ...
Registered in 0.010593 seconds.
Begin MonoManager ReloadAssembly
Symbol file LoadedFromMemory doesn't match image C:\Users\user\Documents\GitHub\CubeCom\CubeCom\Library\PackageCache\com.unity.visualscripting@1.8.0\Editor\VisualScripting.Core\Dependencies\YamlDotNet\Unity.VisualScripting.YamlDotNet.dll
Symbol file LoadedFromMemory doesn't match image C:\Users\user\Documents\GitHub\CubeCom\CubeCom\Library\PackageCache\com.unity.visualscripting@1.8.0\Editor\VisualScripting.Core\Dependencies\DotNetZip\Unity.VisualScripting.IonicZip.dll
Native extension for WindowsStandalone target not found
Native extension for Android target not found
Refreshing native plugins compatible for Editor in 0.79 ms, found 3 plugins.
Preloading 0 native plugins for Editor in 0.00 ms.
Mono: successfully reloaded assembly
- Completed reload, in  1.421 seconds
Domain Reload Profiling:
	ReloadAssembly (1423ms)
		BeginReloadAssembly (242ms)
			ExecutionOrderSort (0ms)
			DisableScriptedObjects (8ms)
			BackupInstance (0ms)
			ReleaseScriptingObjects (0ms)
			CreateAndSetChildDomain (51ms)
		EndReloadAssembly (1041ms)
			LoadAssemblies (172ms)
			RebuildTransferFunctionScriptingTraits (0ms)
			SetupTypeCache (385ms)
			ReleaseScriptCaches (2ms)
			RebuildScriptCaches (63ms)
			SetupLoadedEditorAssemblies (410ms)
				LogAssemblyErrors (0ms)
				InitializePlatformSupportModulesInManaged (27ms)
				SetLoadedEditorAssemblies (1ms)
				RefreshPlugins (1ms)
				BeforeProcessingInitializeOnLoad (94ms)
				ProcessInitializeOnLoadAttributes (247ms)
				ProcessInitializeOnLoadMethodAttributes (26ms)
				AfterProcessingInitializeOnLoad (14ms)
				EditorAssembliesLoaded (0ms)
			ExecutionOrderSort2 (0ms)
			AwakeInstancesAfterBackupRestoration (15ms)
Platform modules already initialized, skipping
Refreshing native plugins compatible for Editor in 2.26 ms, found 3 plugins.
Preloading 0 native plugins for Editor in 0.00 ms.
Unloading 3047 Unused Serialized files (Serialized files now loaded: 0)
Unloading 17 unused Assets / (79.8 KB). Loaded Objects now: 3577.
Memory consumption went from 116.8 MB to 116.8 MB.
Total: 2.455900 ms (FindLiveObjects: 0.265500 ms CreateObjectMapping: 0.117100 ms MarkObjects: 1.982100 ms  DeleteObjects: 0.090100 ms)

AssetImportParameters requested are different than current active one (requested -> active):
  custom:video-decoder-ogg-theora: a1e56fd34408186e4bbccfd4996cb3dc -> 
  custom:container-muxer-webm: aa71ff27fc2769a1b78a27578f13a17b -> 
  custom:container-demuxer-webm: 4f35f7cbe854078d1ac9338744f61a02 -> 
  custom:video-encoder-webm-vp8: eb34c28f22e8b96e1ab97ce403110664 -> 
  custom:video-codec-MediaFoundation-h265: 746d11721c4dcdbdad8f713fa42b33f4 -> 
  custom:audio-encoder-webm-vorbis: bf7c407c2cedff20999df2af8eb42d56 -> 
  custom:framework-win-MediaFoundation: 216162199b28c13a410421893ffa2e32 -> 
  custom:container-demuxer-ogg: 62fdf1f143b41e24485cea50d1cbac27 -> 
  custom:video-decoder-webm-vp8: 9c59270c3fd7afecdb556c50c9e8de78 -> 
  custom:audio-decoder-ogg-vorbis: bf7c407c2cedff20999df2af8eb42d56 -> 
========================================================================
Received Prepare
Registering precompiled user dll's ...
Registered in 0.010913 seconds.
Begin MonoManager ReloadAssembly
Symbol file LoadedFromMemory doesn't match image C:\Users\user\Documents\GitHub\CubeCom\CubeCom\Library\PackageCache\com.unity.visualscripting@1.8.0\Editor\VisualScripting.Core\Dependencies\YamlDotNet\Unity.VisualScripting.YamlDotNet.dll
Symbol file LoadedFromMemory doesn't match image C:\Users\user\Documents\GitHub\CubeCom\CubeCom\Library\PackageCache\com.unity.visualscripting@1.8.0\Editor\VisualScripting.Core\Dependencies\DotNetZip\Unity.VisualScripting.IonicZip.dll
Native extension for WindowsStandalone target not found
Native extension for Android target not found
Refreshing native plugins compatible for Editor in 1.06 ms, found 3 plugins.
Preloading 0 native plugins for Editor in 0.00 ms.
Mono: successfully reloaded assembly
- Completed reload, in  1.168 seconds
Domain Reload Profiling:
	ReloadAssembly (1169ms)
		BeginReloadAssembly (164ms)
			ExecutionOrderSort (0ms)
			DisableScriptedObjects (7ms)
			BackupInstance (0ms)
			ReleaseScriptingObjects (0ms)
			CreateAndSetChildDomain (36ms)
		EndReloadAssembly (908ms)
			LoadAssemblies (118ms)
			RebuildTransferFunctionScriptingTraits (0ms)
			SetupTypeCache (300ms)
			ReleaseScriptCaches (3ms)
			RebuildScriptCaches (52ms)
			SetupLoadedEditorAssemblies (392ms)
				LogAssemblyErrors (0ms)
				InitializePlatformSupportModulesInManaged (28ms)
				SetLoadedEditorAssemblies (0ms)
				RefreshPlugins (1ms)
				BeforeProcessingInitializeOnLoad (97ms)
				ProcessInitializeOnLoadAttributes (229ms)
				ProcessInitializeOnLoadMethodAttributes (21ms)
				AfterProcessingInitializeOnLoad (15ms)
				EditorAssembliesLoaded (0ms)
			ExecutionOrderSort2 (0ms)
			AwakeInstancesAfterBackupRestoration (15ms)
Platform modules already initialized, skipping
Refreshing native plugins compatible for Editor in 2.99 ms, found 3 plugins.
Preloading 0 native plugins for Editor in 0.00 ms.
Unloading 3047 Unused Serialized files (Serialized files now loaded: 0)
Unloading 17 unused Assets / (79.8 KB). Loaded Objects now: 3580.
Memory consumption went from 116.9 MB to 116.8 MB.
Total: 4.000500 ms (FindLiveObjects: 0.333200 ms CreateObjectMapping: 0.156500 ms MarkObjects: 3.363900 ms  DeleteObjects: 0.145400 ms)

AssetImportParameters requested are different than current active one (requested -> active):
  custom:video-decoder-ogg-theora: a1e56fd34408186e4bbccfd4996cb3dc -> 
  custom:container-muxer-webm: aa71ff27fc2769a1b78a27578f13a17b -> 
  custom:container-demuxer-webm: 4f35f7cbe854078d1ac9338744f61a02 -> 
  custom:video-encoder-webm-vp8: eb34c28f22e8b96e1ab97ce403110664 -> 
  custom:video-codec-MediaFoundation-h265: 746d11721c4dcdbdad8f713fa42b33f4 -> 
  custom:audio-encoder-webm-vorbis: bf7c407c2cedff20999df2af8eb42d56 -> 
  custom:framework-win-MediaFoundation: 216162199b28c13a410421893ffa2e32 -> 
  custom:container-demuxer-ogg: 62fdf1f143b41e24485cea50d1cbac27 -> 
  custom:video-decoder-webm-vp8: 9c59270c3fd7afecdb556c50c9e8de78 -> 
  custom:audio-decoder-ogg-vorbis: bf7c407c2cedff20999df2af8eb42d56 -> 
